<?xml version="1.0" encoding="UTF-8"?>
<!-- Generated by org.testng.reporters.JUnitReportReporter -->
<testsuite hostname="DESKTOP-4T7HNED" failures="0" tests="1" name="tests.LoginTest" time="16.458" errors="0" timestamp="2023-06-24T22:06:26 IST" skipped="0">
  <testcase classname="tests.LoginTest" name="test1" time="16.458"/>
</testsuite> <!-- tests.LoginTest -->
