<?xml version="1.0" encoding="UTF-8"?>
<!-- Generated by org.testng.reporters.JUnitReportReporter -->
<testsuite hostname="DESKTOP-4T7HNED" failures="0" tests="1" name="tests.Login" time="65.046" errors="0" timestamp="2023-06-16T13:14:16 IST" skipped="0">
  <testcase classname="tests.Login" name="testlogin" time="65.046"/>
</testsuite> <!-- tests.Login -->
